Welcome to the Importunate Permutation Service!
This service is currently in version 1.2
Change Log:
=== Version 1.2 Changes ===
Implemented whole service using Python because I like big ints
Removed the restriction that the private keys are at most 10000000 by removing the modulo
Increased the range of the random number generator. It is now unbounded!
Optimized the service, now it runs much faster :>
Changed the random number generator to a cryptographically secure one
Uploaded the previously missing flag file :P
This system is now given a good name: Importunate Permutation Service!!!

=== Version 1.1 Changes ===
Added flag encryption to the service using Python
Fixed several bugs in the service
Removed some debug messages
Increased the array size to 100
Added change log to the output :D

=== Version 1.0 Changes ===
Finished the first part of the service using C
Currently the array size is 5, for testing purposes

G: [88, 81, 70, 35, 33, 8, 69, 66, 34, 98, 72, 19, 20, 86, 78, 89, 13, 56, 10, 47, 65, 22, 32, 5, 67, 3, 58, 76, 77, 24, 87, 94, 61, 49, 38, 28, 21, 73, 50, 17, 51, 12, 6, 40, 91, 39, 97, 48, 23, 31, 52, 36, 84, 62, 14, 90, 16, 71, 68, 2, 93, 41, 75, 27, 4, 37, 59, 92, 26, 11, 46, 95, 60, 63, 79, 15, 18, 0, 25, 82, 99, 43, 57, 85, 54, 64, 80, 30, 96, 83, 74, 9, 55, 53, 7, 29, 44, 45, 1, 42]
Alice's public key: [91, 81, 55, 28, 43, 33, 26, 88, 78, 73, 95, 85, 83, 71, 25, 16, 64, 61, 59, 2, 17, 19, 12, 69, 6, 37, 8, 74, 10, 42, 39, 4, 49, 14, 23, 15, 63, 82, 21, 35, 51, 50, 67, 90, 34, 54, 89, 5, 45, 22, 62, 13, 75, 70, 53, 38, 29, 40, 44, 68, 7, 98, 36, 24, 77, 47, 96, 27, 76, 92, 11, 56, 79, 94, 30, 32, 60, 57, 48, 3, 0, 41, 99, 80, 86, 18, 52, 87, 31, 1, 65, 9, 66, 58, 46, 84, 20, 93, 72, 97]
Bob's public key: [46, 42, 93, 27, 53, 32, 83, 30, 11, 15, 89, 5, 26, 57, 96, 10, 79, 99, 90, 71, 6, 72, 70, 24, 92, 7, 65, 98, 16, 35, 4, 94, 44, 85, 58, 69, 3, 63, 64, 47, 0, 45, 80, 34, 75, 51, 19, 14, 23, 91, 39, 41, 56, 38, 50, 2, 1, 52, 60, 28, 48, 95, 13, 33, 43, 59, 77, 74, 73, 61, 9, 37, 66, 84, 31, 87, 55, 8, 68, 18, 22, 21, 36, 88, 12, 17, 86, 25, 40, 76, 54, 29, 82, 97, 20, 81, 62, 67, 78, 49]
Flag: 8357b15a2179943a1a50d4981b6af818166494e6e746cae9446a08fc336abc044a8651008440f8128ee7b7e6ffad85ad3484d887511b30b101426c09ffaa8475cd8bc8115715725343fa24da203479d6
